<?xml version="1.0" encoding="UTF-8"?>
<!-- Generated by org.testng.reporters.JUnitReportReporter -->
<testsuite skipped="0" hostname="EPINPUNW0595" name="TestScripts.HomePageTests" tests="1" failures="0" timestamp="21 Dec 2022 10:41:06 GMT" time="5.323" errors="0">
  <testcase name="test01" time="5.323" classname="TestScripts.HomePageTests"/>
</testsuite> <!-- TestScripts.HomePageTests -->
